[2020-01-11 10:40:09] production.ERROR: file_get_contents(C:\xampp\htdocs\issue-management-20200111T033215Z-001\issue-management\.env): failed to open stream: No such file or directory {"exception":"[object] (ErrorException(code: 0): file_get_contents(C:\\xampp\\htdocs\\issue-management-20200111T033215Z-001\\issue-management\\.env): failed to open stream: No such file or directory at C:\\xampp\\htdocs\\issue-management-20200111T033215Z-001\\issue-management\\vendor\\laravel\\framework\\src\\Illuminate\\Foundation\\Console\\KeyGenerateCommand.php:96)
[stacktrace]
#0 [internal function]: Illuminate\\Foundation\\Bootstrap\\HandleExceptions->handleError(2, 'file_get_conten...', 'C:\\\\xampp\\\\htdocs...', 96, Array)
#1 C:\\xampp\\htdocs\\issue-management-20200111T033215Z-001\\issue-management\\vendor\\laravel\\framework\\src\\Illuminate\\Foundation\\Console\\KeyGenerateCommand.php(96): file_get_contents('C:\\\\xampp\\\\htdocs...')
#2 C:\\xampp\\htdocs\\issue-management-20200111T033215Z-001\\issue-management\\vendor\\laravel\\framework\\src\\Illuminate\\Foundation\\Console\\KeyGenerateCommand.php(80): Illuminate\\Foundation\\Console\\KeyGenerateCommand->writeNewEnvironmentFileWith('base64:7Po6iBFF...')
#3 C:\\xampp\\htdocs\\issue-management-20200111T033215Z-001\\issue-management\\vendor\\laravel\\framework\\src\\Illuminate\\Foundation\\Console\\KeyGenerateCommand.php(45): Illuminate\\Foundation\\Console\\KeyGenerateCommand->setKeyInEnvironmentFile('base64:7Po6iBFF...')
#4 [internal function]: Illuminate\\Foundation\\Console\\KeyGenerateCommand->handle()
#5 C:\\xampp\\htdocs\\issue-management-20200111T033215Z-001\\issue-management\\vendor\\laravel\\framework\\src\\Illuminate\\Container\\BoundMethod.php(32): call_user_func_array(Array, Array)
#6 C:\\xampp\\htdocs\\issue-management-20200111T033215Z-001\\issue-management\\vendor\\laravel\\framework\\src\\Illuminate\\Support\\helpers.php(522): Illuminate\\Container\\BoundMethod::Illuminate\\Container\\{closure}()
#7 C:\\xampp\\htdocs\\issue-management-20200111T033215Z-001\\issue-management\\vendor\\laravel\\framework\\src\\Illuminate\\Container\\BoundMethod.php(90): value(Object(Closure))
#8 C:\\xampp\\htdocs\\issue-management-20200111T033215Z-001\\issue-management\\vendor\\laravel\\framework\\src\\Illuminate\\Container\\BoundMethod.php(34): Illuminate\\Container\\BoundMethod::callBoundMethod(Object(Illuminate\\Foundation\\Application), Array, Object(Closure))
#9 C:\\xampp\\htdocs\\issue-management-20200111T033215Z-001\\issue-management\\vendor\\laravel\\framework\\src\\Illuminate\\Container\\Container.php(591): Illuminate\\Container\\BoundMethod::call(Object(Illuminate\\Foundation\\Application), Array, Array, NULL)
#10 C:\\xampp\\htdocs\\issue-management-20200111T033215Z-001\\issue-management\\vendor\\laravel\\framework\\src\\Illuminate\\Console\\Command.php(202): Illuminate\\Container\\Container->call(Array)
#11 C:\\xampp\\htdocs\\issue-management-20200111T033215Z-001\\issue-management\\vendor\\symfony\\console\\Command\\Command.php(255): Illuminate\\Console\\Command->execute(Object(Symfony\\Component\\Console\\Input\\ArgvInput), Object(Illuminate\\Console\\OutputStyle))
#12 C:\\xampp\\htdocs\\issue-management-20200111T033215Z-001\\issue-management\\vendor\\laravel\\framework\\src\\Illuminate\\Console\\Command.php(189): Symfony\\Component\\Console\\Command\\Command->run(Object(Symfony\\Component\\Console\\Input\\ArgvInput), Object(Illuminate\\Console\\OutputStyle))
#13 C:\\xampp\\htdocs\\issue-management-20200111T033215Z-001\\issue-management\\vendor\\symfony\\console\\Application.php(934): Illuminate\\Console\\Command->run(Object(Symfony\\Component\\Console\\Input\\ArgvInput), Object(Symfony\\Component\\Console\\Output\\ConsoleOutput))
#14 C:\\xampp\\htdocs\\issue-management-20200111T033215Z-001\\issue-management\\vendor\\symfony\\console\\Application.php(273): Symfony\\Component\\Console\\Application->doRunCommand(Object(Illuminate\\Foundation\\Console\\KeyGenerateCommand), Object(Symfony\\Component\\Console\\Input\\ArgvInput), Object(Symfony\\Component\\Console\\Output\\ConsoleOutput))
#15 C:\\xampp\\htdocs\\issue-management-20200111T033215Z-001\\issue-management\\vendor\\symfony\\console\\Application.php(149): Symfony\\Component\\Console\\Application->doRun(Object(Symfony\\Component\\Console\\Input\\ArgvInput), Object(Symfony\\Component\\Console\\Output\\ConsoleOutput))
#16 C:\\xampp\\htdocs\\issue-management-20200111T033215Z-001\\issue-management\\vendor\\laravel\\framework\\src\\Illuminate\\Console\\Application.php(90): Symfony\\Component\\Console\\Application->run(Object(Symfony\\Component\\Console\\Input\\ArgvInput), Object(Symfony\\Component\\Console\\Output\\ConsoleOutput))
#17 C:\\xampp\\htdocs\\issue-management-20200111T033215Z-001\\issue-management\\vendor\\laravel\\framework\\src\\Illuminate\\Foundation\\Console\\Kernel.php(131): Illuminate\\Console\\Application->run(Object(Symfony\\Component\\Console\\Input\\ArgvInput), Object(Symfony\\Component\\Console\\Output\\ConsoleOutput))
#18 C:\\xampp\\htdocs\\issue-management-20200111T033215Z-001\\issue-management\\artisan(37): Illuminate\\Foundation\\Console\\Kernel->handle(Object(Symfony\\Component\\Console\\Input\\ArgvInput), Object(Symfony\\Component\\Console\\Output\\ConsoleOutput))
#19 {main}
"} 
[2020-01-11 14:25:23] local.ERROR: Cannot apply $addToSet to non-array field. Field named 'task_ids' has non-array type object {"userId":"5e1943f973590000dd000bf2","exception":"[object] (MongoDB\\Driver\\Exception\\BulkWriteException(code: 2): Cannot apply $addToSet to non-array field. Field named 'task_ids' has non-array type object at C:\\xampp\\htdocs\\issue-management-20200111T033215Z-001\\issue-management\\vendor\\mongodb\\mongodb\\src\\Operation\\Update.php:206)
[stacktrace]
#0 C:\\xampp\\htdocs\\issue-management-20200111T033215Z-001\\issue-management\\vendor\\mongodb\\mongodb\\src\\Operation\\Update.php(206): MongoDB\\Driver\\Server->executeBulkWrite('riskandissue.us...', Object(MongoDB\\Driver\\BulkWrite), Array)
#1 C:\\xampp\\htdocs\\issue-management-20200111T033215Z-001\\issue-management\\vendor\\mongodb\\mongodb\\src\\Operation\\UpdateMany.php(110): MongoDB\\Operation\\Update->execute(Object(MongoDB\\Driver\\Server))
#2 C:\\xampp\\htdocs\\issue-management-20200111T033215Z-001\\issue-management\\vendor\\mongodb\\mongodb\\src\\Collection.php(1046): MongoDB\\Operation\\UpdateMany->execute(Object(MongoDB\\Driver\\Server))
#3 [internal function]: MongoDB\\Collection->updateMany(Array, Array, Array)
#4 C:\\xampp\\htdocs\\issue-management-20200111T033215Z-001\\issue-management\\vendor\\jenssegers\\mongodb\\src\\Jenssegers\\Mongodb\\Collection.php(42): call_user_func_array(Array, Array)
#5 C:\\xampp\\htdocs\\issue-management-20200111T033215Z-001\\issue-management\\vendor\\jenssegers\\mongodb\\src\\Jenssegers\\Mongodb\\Query\\Builder.php(820): Jenssegers\\Mongodb\\Collection->__call('UpdateMany', Array)
#6 C:\\xampp\\htdocs\\issue-management-20200111T033215Z-001\\issue-management\\vendor\\jenssegers\\mongodb\\src\\Jenssegers\\Mongodb\\Query\\Builder.php(750): Jenssegers\\Mongodb\\Query\\Builder->performUpdate(Array)
#7 C:\\xampp\\htdocs\\issue-management-20200111T033215Z-001\\issue-management\\vendor\\laravel\\framework\\src\\Illuminate\\Database\\Eloquent\\Builder.php(1350): Jenssegers\\Mongodb\\Query\\Builder->push('task_ids', Array, true)
#8 C:\\xampp\\htdocs\\issue-management-20200111T033215Z-001\\issue-management\\vendor\\jenssegers\\mongodb\\src\\Jenssegers\\Mongodb\\Eloquent\\Model.php(302): Illuminate\\Database\\Eloquent\\Builder->__call('push', Array)
#9 C:\\xampp\\htdocs\\issue-management-20200111T033215Z-001\\issue-management\\vendor\\jenssegers\\mongodb\\src\\Jenssegers\\Mongodb\\Relations\\BelongsToMany.php(203): Jenssegers\\Mongodb\\Eloquent\\Model->push('task_ids', Array, true)
#10 C:\\xampp\\htdocs\\issue-management-20200111T033215Z-001\\issue-management\\vendor\\jenssegers\\mongodb\\src\\Jenssegers\\Mongodb\\Relations\\BelongsToMany.php(87): Jenssegers\\Mongodb\\Relations\\BelongsToMany->attach('5e19773cbd2e000...', Array, true)
#11 C:\\xampp\\htdocs\\issue-management-20200111T033215Z-001\\issue-management\\app\\Http\\Controllers\\ProjectController.php(180): Jenssegers\\Mongodb\\Relations\\BelongsToMany->save(Object(App\\Task))
#12 [internal function]: App\\Http\\Controllers\\ProjectController->taskUpdate('5e1948dc290c000...', '5e19773cbd2e000...', Object(Illuminate\\Http\\Request))
#13 C:\\xampp\\htdocs\\issue-management-20200111T033215Z-001\\issue-management\\vendor\\laravel\\framework\\src\\Illuminate\\Routing\\Controller.php(54): call_user_func_array(Array, Array)
#14 C:\\xampp\\htdocs\\issue-management-20200111T033215Z-001\\issue-management\\vendor\\laravel\\framework\\src\\Illuminate\\Routing\\ControllerDispatcher.php(45): Illuminate\\Routing\\Controller->callAction('taskUpdate', Array)
#15 C:\\xampp\\htdocs\\issue-management-20200111T033215Z-001\\issue-management\\vendor\\laravel\\framework\\src\\Illuminate\\Routing\\Route.php(219): Illuminate\\Routing\\ControllerDispatcher->dispatch(Object(Illuminate\\Routing\\Route), Object(App\\Http\\Controllers\\ProjectController), 'taskUpdate')
#16 C:\\xampp\\htdocs\\issue-management-20200111T033215Z-001\\issue-management\\vendor\\laravel\\framework\\src\\Illuminate\\Routing\\Route.php(176): Illuminate\\Routing\\Route->runController()
#17 C:\\xampp\\htdocs\\issue-management-20200111T033215Z-001\\issue-management\\vendor\\laravel\\framework\\src\\Illuminate\\Routing\\Router.php(680): Illuminate\\Routing\\Route->run()
#18 C:\\xampp\\htdocs\\issue-management-20200111T033215Z-001\\issue-management\\vendor\\laravel\\framework\\src\\Illuminate\\Pipeline\\Pipeline.php(130): Illuminate\\Routing\\Router->Illuminate\\Routing\\{closure}(Object(Illuminate\\Http\\Request))
#19 C:\\xampp\\htdocs\\issue-management-20200111T033215Z-001\\issue-management\\vendor\\laravel\\framework\\src\\Illuminate\\Routing\\Middleware\\SubstituteBindings.php(41): Illuminate\\Pipeline\\Pipeline->Illuminate\\Pipeline\\{closure}(Object(Illuminate\\Http\\Request))
#20 C:\\xampp\\htdocs\\issue-management-20200111T033215Z-001\\issue-management\\vendor\\laravel\\framework\\src\\Illuminate\\Pipeline\\Pipeline.php(171): Illuminate\\Routing\\Middleware\\SubstituteBindings->handle(Object(Illuminate\\Http\\Request), Object(Closure))
#21 C:\\xampp\\htdocs\\issue-management-20200111T033215Z-001\\issue-management\\vendor\\laravel\\framework\\src\\Illuminate\\Auth\\Middleware\\Authenticate.php(43): Illuminate\\Pipeline\\Pipeline->Illuminate\\Pipeline\\{closure}(Object(Illuminate\\Http\\Request))
#22 C:\\xampp\\htdocs\\issue-management-20200111T033215Z-001\\issue-management\\vendor\\laravel\\framework\\src\\Illuminate\\Pipeline\\Pipeline.php(171): Illuminate\\Auth\\Middleware\\Authenticate->handle(Object(Illuminate\\Http\\Request), Object(Closure))
#23 C:\\xampp\\htdocs\\issue-management-20200111T033215Z-001\\issue-management\\vendor\\laravel\\framework\\src\\Illuminate\\Foundation\\Http\\Middleware\\VerifyCsrfToken.php(76): Illuminate\\Pipeline\\Pipeline->Illuminate\\Pipeline\\{closure}(Object(Illuminate\\Http\\Request))
#24 C:\\xampp\\htdocs\\issue-management-20200111T033215Z-001\\issue-management\\vendor\\laravel\\framework\\src\\Illuminate\\Pipeline\\Pipeline.php(171): Illuminate\\Foundation\\Http\\Middleware\\VerifyCsrfToken->handle(Object(Illuminate\\Http\\Request), Object(Closure))
#25 C:\\xampp\\htdocs\\issue-management-20200111T033215Z-001\\issue-management\\vendor\\laravel\\framework\\src\\Illuminate\\View\\Middleware\\ShareErrorsFromSession.php(49): Illuminate\\Pipeline\\Pipeline->Illuminate\\Pipeline\\{closure}(Object(Illuminate\\Http\\Request))
#26 C:\\xampp\\htdocs\\issue-management-20200111T033215Z-001\\issue-management\\vendor\\laravel\\framework\\src\\Illuminate\\Pipeline\\Pipeline.php(171): Illuminate\\View\\Middleware\\ShareErrorsFromSession->handle(Object(Illuminate\\Http\\Request), Object(Closure))
#27 C:\\xampp\\htdocs\\issue-management-20200111T033215Z-001\\issue-management\\vendor\\laravel\\framework\\src\\Illuminate\\Session\\Middleware\\StartSession.php(56): Illuminate\\Pipeline\\Pipeline->Illuminate\\Pipeline\\{closure}(Object(Illuminate\\Http\\Request))
#28 C:\\xampp\\htdocs\\issue-management-20200111T033215Z-001\\issue-management\\vendor\\laravel\\framework\\src\\Illuminate\\Pipeline\\Pipeline.php(171): Illuminate\\Session\\Middleware\\StartSession->handle(Object(Illuminate\\Http\\Request), Object(Closure))
#29 C:\\xampp\\htdocs\\issue-management-20200111T033215Z-001\\issue-management\\vendor\\laravel\\framework\\src\\Illuminate\\Cookie\\Middleware\\AddQueuedCookiesToResponse.php(37): Illuminate\\Pipeline\\Pipeline->Illuminate\\Pipeline\\{closure}(Object(Illuminate\\Http\\Request))
#30 C:\\xampp\\htdocs\\issue-management-20200111T033215Z-001\\issue-management\\vendor\\laravel\\framework\\src\\Illuminate\\Pipeline\\Pipeline.php(171): Illuminate\\Cookie\\Middleware\\AddQueuedCookiesToResponse->handle(Object(Illuminate\\Http\\Request), Object(Closure))
#31 C:\\xampp\\htdocs\\issue-management-20200111T033215Z-001\\issue-management\\vendor\\laravel\\framework\\src\\Illuminate\\Cookie\\Middleware\\EncryptCookies.php(66): Illuminate\\Pipeline\\Pipeline->Illuminate\\Pipeline\\{closure}(Object(Illuminate\\Http\\Request))
#32 C:\\xampp\\htdocs\\issue-management-20200111T033215Z-001\\issue-management\\vendor\\laravel\\framework\\src\\Illuminate\\Pipeline\\Pipeline.php(171): Illuminate\\Cookie\\Middleware\\EncryptCookies->handle(Object(Illuminate\\Http\\Request), Object(Closure))
#33 C:\\xampp\\htdocs\\issue-management-20200111T033215Z-001\\issue-management\\vendor\\laravel\\framework\\src\\Illuminate\\Pipeline\\Pipeline.php(105): Illuminate\\Pipeline\\Pipeline->Illuminate\\Pipeline\\{closure}(Object(Illuminate\\Http\\Request))
#34 C:\\xampp\\htdocs\\issue-management-20200111T033215Z-001\\issue-management\\vendor\\laravel\\framework\\src\\Illuminate\\Routing\\Router.php(682): Illuminate\\Pipeline\\Pipeline->then(Object(Closure))
#35 C:\\xampp\\htdocs\\issue-management-20200111T033215Z-001\\issue-management\\vendor\\laravel\\framework\\src\\Illuminate\\Routing\\Router.php(657): Illuminate\\Routing\\Router->runRouteWithinStack(Object(Illuminate\\Routing\\Route), Object(Illuminate\\Http\\Request))
#36 C:\\xampp\\htdocs\\issue-management-20200111T033215Z-001\\issue-management\\vendor\\laravel\\framework\\src\\Illuminate\\Routing\\Router.php(623): Illuminate\\Routing\\Router->runRoute(Object(Illuminate\\Http\\Request), Object(Illuminate\\Routing\\Route))
#37 C:\\xampp\\htdocs\\issue-management-20200111T033215Z-001\\issue-management\\vendor\\laravel\\framework\\src\\Illuminate\\Routing\\Router.php(612): Illuminate\\Routing\\Router->dispatchToRoute(Object(Illuminate\\Http\\Request))
#38 C:\\xampp\\htdocs\\issue-management-20200111T033215Z-001\\issue-management\\vendor\\laravel\\framework\\src\\Illuminate\\Foundation\\Http\\Kernel.php(176): Illuminate\\Routing\\Router->dispatch(Object(Illuminate\\Http\\Request))
#39 C:\\xampp\\htdocs\\issue-management-20200111T033215Z-001\\issue-management\\vendor\\laravel\\framework\\src\\Illuminate\\Pipeline\\Pipeline.php(130): Illuminate\\Foundation\\Http\\Kernel->Illuminate\\Foundation\\Http\\{closure}(Object(Illuminate\\Http\\Request))
#40 C:\\xampp\\htdocs\\issue-management-20200111T033215Z-001\\issue-management\\vendor\\laravel\\framework\\src\\Illuminate\\Foundation\\Http\\Middleware\\TransformsRequest.php(21): Illuminate\\Pipeline\\Pipeline->Illuminate\\Pipeline\\{closure}(Object(Illuminate\\Http\\Request))
#41 C:\\xampp\\htdocs\\issue-management-20200111T033215Z-001\\issue-management\\vendor\\laravel\\framework\\src\\Illuminate\\Pipeline\\Pipeline.php(171): Illuminate\\Foundation\\Http\\Middleware\\TransformsRequest->handle(Object(Illuminate\\Http\\Request), Object(Closure))
#42 C:\\xampp\\htdocs\\issue-management-20200111T033215Z-001\\issue-management\\vendor\\laravel\\framework\\src\\Illuminate\\Foundation\\Http\\Middleware\\TransformsRequest.php(21): Illuminate\\Pipeline\\Pipeline->Illuminate\\Pipeline\\{closure}(Object(Illuminate\\Http\\Request))
#43 C:\\xampp\\htdocs\\issue-management-20200111T033215Z-001\\issue-management\\vendor\\laravel\\framework\\src\\Illuminate\\Pipeline\\Pipeline.php(171): Illuminate\\Foundation\\Http\\Middleware\\TransformsRequest->handle(Object(Illuminate\\Http\\Request), Object(Closure))
#44 C:\\xampp\\htdocs\\issue-management-20200111T033215Z-001\\issue-management\\vendor\\laravel\\framework\\src\\Illuminate\\Foundation\\Http\\Middleware\\ValidatePostSize.php(27): Illuminate\\Pipeline\\Pipeline->Illuminate\\Pipeline\\{closure}(Object(Illuminate\\Http\\Request))
#45 C:\\xampp\\htdocs\\issue-management-20200111T033215Z-001\\issue-management\\vendor\\laravel\\framework\\src\\Illuminate\\Pipeline\\Pipeline.php(171): Illuminate\\Foundation\\Http\\Middleware\\ValidatePostSize->handle(Object(Illuminate\\Http\\Request), Object(Closure))
#46 C:\\xampp\\htdocs\\issue-management-20200111T033215Z-001\\issue-management\\vendor\\laravel\\framework\\src\\Illuminate\\Foundation\\Http\\Middleware\\CheckForMaintenanceMode.php(62): Illuminate\\Pipeline\\Pipeline->Illuminate\\Pipeline\\{closure}(Object(Illuminate\\Http\\Request))
#47 C:\\xampp\\htdocs\\issue-management-20200111T033215Z-001\\issue-management\\vendor\\laravel\\framework\\src\\Illuminate\\Pipeline\\Pipeline.php(171): Illuminate\\Foundation\\Http\\Middleware\\CheckForMaintenanceMode->handle(Object(Illuminate\\Http\\Request), Object(Closure))
#48 C:\\xampp\\htdocs\\issue-management-20200111T033215Z-001\\issue-management\\vendor\\fideloper\\proxy\\src\\TrustProxies.php(57): Illuminate\\Pipeline\\Pipeline->Illuminate\\Pipeline\\{closure}(Object(Illuminate\\Http\\Request))
#49 C:\\xampp\\htdocs\\issue-management-20200111T033215Z-001\\issue-management\\vendor\\laravel\\framework\\src\\Illuminate\\Pipeline\\Pipeline.php(171): Fideloper\\Proxy\\TrustProxies->handle(Object(Illuminate\\Http\\Request), Object(Closure))
#50 C:\\xampp\\htdocs\\issue-management-20200111T033215Z-001\\issue-management\\vendor\\laravel\\framework\\src\\Illuminate\\Pipeline\\Pipeline.php(105): Illuminate\\Pipeline\\Pipeline->Illuminate\\Pipeline\\{closure}(Object(Illuminate\\Http\\Request))
#51 C:\\xampp\\htdocs\\issue-management-20200111T033215Z-001\\issue-management\\vendor\\laravel\\framework\\src\\Illuminate\\Foundation\\Http\\Kernel.php(151): Illuminate\\Pipeline\\Pipeline->then(Object(Closure))
#52 C:\\xampp\\htdocs\\issue-management-20200111T033215Z-001\\issue-management\\vendor\\laravel\\framework\\src\\Illuminate\\Foundation\\Http\\Kernel.php(116): Illuminate\\Foundation\\Http\\Kernel->sendRequestThroughRouter(Object(Illuminate\\Http\\Request))
#53 C:\\xampp\\htdocs\\issue-management-20200111T033215Z-001\\issue-management\\public\\index.php(55): Illuminate\\Foundation\\Http\\Kernel->handle(Object(Illuminate\\Http\\Request))
#54 C:\\xampp\\htdocs\\issue-management-20200111T033215Z-001\\issue-management\\server.php(21): require_once('C:\\\\xampp\\\\htdocs...')
#55 {main}
"} 
[2020-01-11 16:29:26] local.ERROR: Cannot apply $addToSet to non-array field. Field named 'task_ids' has non-array type object {"userId":"5e1943f973590000dd000bf2","exception":"[object] (MongoDB\\Driver\\Exception\\BulkWriteException(code: 2): Cannot apply $addToSet to non-array field. Field named 'task_ids' has non-array type object at C:\\xampp\\htdocs\\issue-management-20200111T033215Z-001\\issue-management\\vendor\\mongodb\\mongodb\\src\\Operation\\Update.php:206)
[stacktrace]
#0 C:\\xampp\\htdocs\\issue-management-20200111T033215Z-001\\issue-management\\vendor\\mongodb\\mongodb\\src\\Operation\\Update.php(206): MongoDB\\Driver\\Server->executeBulkWrite('riskandissue.us...', Object(MongoDB\\Driver\\BulkWrite), Array)
#1 C:\\xampp\\htdocs\\issue-management-20200111T033215Z-001\\issue-management\\vendor\\mongodb\\mongodb\\src\\Operation\\UpdateMany.php(110): MongoDB\\Operation\\Update->execute(Object(MongoDB\\Driver\\Server))
#2 C:\\xampp\\htdocs\\issue-management-20200111T033215Z-001\\issue-management\\vendor\\mongodb\\mongodb\\src\\Collection.php(1046): MongoDB\\Operation\\UpdateMany->execute(Object(MongoDB\\Driver\\Server))
#3 [internal function]: MongoDB\\Collection->updateMany(Array, Array, Array)
#4 C:\\xampp\\htdocs\\issue-management-20200111T033215Z-001\\issue-management\\vendor\\jenssegers\\mongodb\\src\\Jenssegers\\Mongodb\\Collection.php(42): call_user_func_array(Array, Array)
#5 C:\\xampp\\htdocs\\issue-management-20200111T033215Z-001\\issue-management\\vendor\\jenssegers\\mongodb\\src\\Jenssegers\\Mongodb\\Query\\Builder.php(820): Jenssegers\\Mongodb\\Collection->__call('UpdateMany', Array)
#6 C:\\xampp\\htdocs\\issue-management-20200111T033215Z-001\\issue-management\\vendor\\jenssegers\\mongodb\\src\\Jenssegers\\Mongodb\\Query\\Builder.php(750): Jenssegers\\Mongodb\\Query\\Builder->performUpdate(Array)
#7 C:\\xampp\\htdocs\\issue-management-20200111T033215Z-001\\issue-management\\vendor\\laravel\\framework\\src\\Illuminate\\Database\\Eloquent\\Builder.php(1350): Jenssegers\\Mongodb\\Query\\Builder->push('task_ids', Array, true)
#8 C:\\xampp\\htdocs\\issue-management-20200111T033215Z-001\\issue-management\\vendor\\jenssegers\\mongodb\\src\\Jenssegers\\Mongodb\\Eloquent\\Model.php(302): Illuminate\\Database\\Eloquent\\Builder->__call('push', Array)
#9 C:\\xampp\\htdocs\\issue-management-20200111T033215Z-001\\issue-management\\vendor\\jenssegers\\mongodb\\src\\Jenssegers\\Mongodb\\Relations\\BelongsToMany.php(203): Jenssegers\\Mongodb\\Eloquent\\Model->push('task_ids', Array, true)
#10 C:\\xampp\\htdocs\\issue-management-20200111T033215Z-001\\issue-management\\vendor\\jenssegers\\mongodb\\src\\Jenssegers\\Mongodb\\Relations\\BelongsToMany.php(87): Jenssegers\\Mongodb\\Relations\\BelongsToMany->attach('5e19773cbd2e000...', Array, true)
#11 C:\\xampp\\htdocs\\issue-management-20200111T033215Z-001\\issue-management\\app\\Http\\Controllers\\ProjectController.php(180): Jenssegers\\Mongodb\\Relations\\BelongsToMany->save(Object(App\\Task))
#12 [internal function]: App\\Http\\Controllers\\ProjectController->taskUpdate('5e1948dc290c000...', '5e19773cbd2e000...', Object(Illuminate\\Http\\Request))
#13 C:\\xampp\\htdocs\\issue-management-20200111T033215Z-001\\issue-management\\vendor\\laravel\\framework\\src\\Illuminate\\Routing\\Controller.php(54): call_user_func_array(Array, Array)
#14 C:\\xampp\\htdocs\\issue-management-20200111T033215Z-001\\issue-management\\vendor\\laravel\\framework\\src\\Illuminate\\Routing\\ControllerDispatcher.php(45): Illuminate\\Routing\\Controller->callAction('taskUpdate', Array)
#15 C:\\xampp\\htdocs\\issue-management-20200111T033215Z-001\\issue-management\\vendor\\laravel\\framework\\src\\Illuminate\\Routing\\Route.php(219): Illuminate\\Routing\\ControllerDispatcher->dispatch(Object(Illuminate\\Routing\\Route), Object(App\\Http\\Controllers\\ProjectController), 'taskUpdate')
#16 C:\\xampp\\htdocs\\issue-management-20200111T033215Z-001\\issue-management\\vendor\\laravel\\framework\\src\\Illuminate\\Routing\\Route.php(176): Illuminate\\Routing\\Route->runController()
#17 C:\\xampp\\htdocs\\issue-management-20200111T033215Z-001\\issue-management\\vendor\\laravel\\framework\\src\\Illuminate\\Routing\\Router.php(680): Illuminate\\Routing\\Route->run()
#18 C:\\xampp\\htdocs\\issue-management-20200111T033215Z-001\\issue-management\\vendor\\laravel\\framework\\src\\Illuminate\\Pipeline\\Pipeline.php(130): Illuminate\\Routing\\Router->Illuminate\\Routing\\{closure}(Object(Illuminate\\Http\\Request))
#19 C:\\xampp\\htdocs\\issue-management-20200111T033215Z-001\\issue-management\\vendor\\laravel\\framework\\src\\Illuminate\\Routing\\Middleware\\SubstituteBindings.php(41): Illuminate\\Pipeline\\Pipeline->Illuminate\\Pipeline\\{closure}(Object(Illuminate\\Http\\Request))
#20 C:\\xampp\\htdocs\\issue-management-20200111T033215Z-001\\issue-management\\vendor\\laravel\\framework\\src\\Illuminate\\Pipeline\\Pipeline.php(171): Illuminate\\Routing\\Middleware\\SubstituteBindings->handle(Object(Illuminate\\Http\\Request), Object(Closure))
#21 C:\\xampp\\htdocs\\issue-management-20200111T033215Z-001\\issue-management\\vendor\\laravel\\framework\\src\\Illuminate\\Auth\\Middleware\\Authenticate.php(43): Illuminate\\Pipeline\\Pipeline->Illuminate\\Pipeline\\{closure}(Object(Illuminate\\Http\\Request))
#22 C:\\xampp\\htdocs\\issue-management-20200111T033215Z-001\\issue-management\\vendor\\laravel\\framework\\src\\Illuminate\\Pipeline\\Pipeline.php(171): Illuminate\\Auth\\Middleware\\Authenticate->handle(Object(Illuminate\\Http\\Request), Object(Closure))
#23 C:\\xampp\\htdocs\\issue-management-20200111T033215Z-001\\issue-management\\vendor\\laravel\\framework\\src\\Illuminate\\Foundation\\Http\\Middleware\\VerifyCsrfToken.php(76): Illuminate\\Pipeline\\Pipeline->Illuminate\\Pipeline\\{closure}(Object(Illuminate\\Http\\Request))
#24 C:\\xampp\\htdocs\\issue-management-20200111T033215Z-001\\issue-management\\vendor\\laravel\\framework\\src\\Illuminate\\Pipeline\\Pipeline.php(171): Illuminate\\Foundation\\Http\\Middleware\\VerifyCsrfToken->handle(Object(Illuminate\\Http\\Request), Object(Closure))
#25 C:\\xampp\\htdocs\\issue-management-20200111T033215Z-001\\issue-management\\vendor\\laravel\\framework\\src\\Illuminate\\View\\Middleware\\ShareErrorsFromSession.php(49): Illuminate\\Pipeline\\Pipeline->Illuminate\\Pipeline\\{closure}(Object(Illuminate\\Http\\Request))
#26 C:\\xampp\\htdocs\\issue-management-20200111T033215Z-001\\issue-management\\vendor\\laravel\\framework\\src\\Illuminate\\Pipeline\\Pipeline.php(171): Illuminate\\View\\Middleware\\ShareErrorsFromSession->handle(Object(Illuminate\\Http\\Request), Object(Closure))
#27 C:\\xampp\\htdocs\\issue-management-20200111T033215Z-001\\issue-management\\vendor\\laravel\\framework\\src\\Illuminate\\Session\\Middleware\\StartSession.php(56): Illuminate\\Pipeline\\Pipeline->Illuminate\\Pipeline\\{closure}(Object(Illuminate\\Http\\Request))
#28 C:\\xampp\\htdocs\\issue-management-20200111T033215Z-001\\issue-management\\vendor\\laravel\\framework\\src\\Illuminate\\Pipeline\\Pipeline.php(171): Illuminate\\Session\\Middleware\\StartSession->handle(Object(Illuminate\\Http\\Request), Object(Closure))
#29 C:\\xampp\\htdocs\\issue-management-20200111T033215Z-001\\issue-management\\vendor\\laravel\\framework\\src\\Illuminate\\Cookie\\Middleware\\AddQueuedCookiesToResponse.php(37): Illuminate\\Pipeline\\Pipeline->Illuminate\\Pipeline\\{closure}(Object(Illuminate\\Http\\Request))
#30 C:\\xampp\\htdocs\\issue-management-20200111T033215Z-001\\issue-management\\vendor\\laravel\\framework\\src\\Illuminate\\Pipeline\\Pipeline.php(171): Illuminate\\Cookie\\Middleware\\AddQueuedCookiesToResponse->handle(Object(Illuminate\\Http\\Request), Object(Closure))
#31 C:\\xampp\\htdocs\\issue-management-20200111T033215Z-001\\issue-management\\vendor\\laravel\\framework\\src\\Illuminate\\Cookie\\Middleware\\EncryptCookies.php(66): Illuminate\\Pipeline\\Pipeline->Illuminate\\Pipeline\\{closure}(Object(Illuminate\\Http\\Request))
#32 C:\\xampp\\htdocs\\issue-management-20200111T033215Z-001\\issue-management\\vendor\\laravel\\framework\\src\\Illuminate\\Pipeline\\Pipeline.php(171): Illuminate\\Cookie\\Middleware\\EncryptCookies->handle(Object(Illuminate\\Http\\Request), Object(Closure))
#33 C:\\xampp\\htdocs\\issue-management-20200111T033215Z-001\\issue-management\\vendor\\laravel\\framework\\src\\Illuminate\\Pipeline\\Pipeline.php(105): Illuminate\\Pipeline\\Pipeline->Illuminate\\Pipeline\\{closure}(Object(Illuminate\\Http\\Request))
#34 C:\\xampp\\htdocs\\issue-management-20200111T033215Z-001\\issue-management\\vendor\\laravel\\framework\\src\\Illuminate\\Routing\\Router.php(682): Illuminate\\Pipeline\\Pipeline->then(Object(Closure))
#35 C:\\xampp\\htdocs\\issue-management-20200111T033215Z-001\\issue-management\\vendor\\laravel\\framework\\src\\Illuminate\\Routing\\Router.php(657): Illuminate\\Routing\\Router->runRouteWithinStack(Object(Illuminate\\Routing\\Route), Object(Illuminate\\Http\\Request))
#36 C:\\xampp\\htdocs\\issue-management-20200111T033215Z-001\\issue-management\\vendor\\laravel\\framework\\src\\Illuminate\\Routing\\Router.php(623): Illuminate\\Routing\\Router->runRoute(Object(Illuminate\\Http\\Request), Object(Illuminate\\Routing\\Route))
#37 C:\\xampp\\htdocs\\issue-management-20200111T033215Z-001\\issue-management\\vendor\\laravel\\framework\\src\\Illuminate\\Routing\\Router.php(612): Illuminate\\Routing\\Router->dispatchToRoute(Object(Illuminate\\Http\\Request))
#38 C:\\xampp\\htdocs\\issue-management-20200111T033215Z-001\\issue-management\\vendor\\laravel\\framework\\src\\Illuminate\\Foundation\\Http\\Kernel.php(176): Illuminate\\Routing\\Router->dispatch(Object(Illuminate\\Http\\Request))
#39 C:\\xampp\\htdocs\\issue-management-20200111T033215Z-001\\issue-management\\vendor\\laravel\\framework\\src\\Illuminate\\Pipeline\\Pipeline.php(130): Illuminate\\Foundation\\Http\\Kernel->Illuminate\\Foundation\\Http\\{closure}(Object(Illuminate\\Http\\Request))
#40 C:\\xampp\\htdocs\\issue-management-20200111T033215Z-001\\issue-management\\vendor\\laravel\\framework\\src\\Illuminate\\Foundation\\Http\\Middleware\\TransformsRequest.php(21): Illuminate\\Pipeline\\Pipeline->Illuminate\\Pipeline\\{closure}(Object(Illuminate\\Http\\Request))
#41 C:\\xampp\\htdocs\\issue-management-20200111T033215Z-001\\issue-management\\vendor\\laravel\\framework\\src\\Illuminate\\Pipeline\\Pipeline.php(171): Illuminate\\Foundation\\Http\\Middleware\\TransformsRequest->handle(Object(Illuminate\\Http\\Request), Object(Closure))
#42 C:\\xampp\\htdocs\\issue-management-20200111T033215Z-001\\issue-management\\vendor\\laravel\\framework\\src\\Illuminate\\Foundation\\Http\\Middleware\\TransformsRequest.php(21): Illuminate\\Pipeline\\Pipeline->Illuminate\\Pipeline\\{closure}(Object(Illuminate\\Http\\Request))
#43 C:\\xampp\\htdocs\\issue-management-20200111T033215Z-001\\issue-management\\vendor\\laravel\\framework\\src\\Illuminate\\Pipeline\\Pipeline.php(171): Illuminate\\Foundation\\Http\\Middleware\\TransformsRequest->handle(Object(Illuminate\\Http\\Request), Object(Closure))
#44 C:\\xampp\\htdocs\\issue-management-20200111T033215Z-001\\issue-management\\vendor\\laravel\\framework\\src\\Illuminate\\Foundation\\Http\\Middleware\\ValidatePostSize.php(27): Illuminate\\Pipeline\\Pipeline->Illuminate\\Pipeline\\{closure}(Object(Illuminate\\Http\\Request))
#45 C:\\xampp\\htdocs\\issue-management-20200111T033215Z-001\\issue-management\\vendor\\laravel\\framework\\src\\Illuminate\\Pipeline\\Pipeline.php(171): Illuminate\\Foundation\\Http\\Middleware\\ValidatePostSize->handle(Object(Illuminate\\Http\\Request), Object(Closure))
#46 C:\\xampp\\htdocs\\issue-management-20200111T033215Z-001\\issue-management\\vendor\\laravel\\framework\\src\\Illuminate\\Foundation\\Http\\Middleware\\CheckForMaintenanceMode.php(62): Illuminate\\Pipeline\\Pipeline->Illuminate\\Pipeline\\{closure}(Object(Illuminate\\Http\\Request))
#47 C:\\xampp\\htdocs\\issue-management-20200111T033215Z-001\\issue-management\\vendor\\laravel\\framework\\src\\Illuminate\\Pipeline\\Pipeline.php(171): Illuminate\\Foundation\\Http\\Middleware\\CheckForMaintenanceMode->handle(Object(Illuminate\\Http\\Request), Object(Closure))
#48 C:\\xampp\\htdocs\\issue-management-20200111T033215Z-001\\issue-management\\vendor\\fideloper\\proxy\\src\\TrustProxies.php(57): Illuminate\\Pipeline\\Pipeline->Illuminate\\Pipeline\\{closure}(Object(Illuminate\\Http\\Request))
#49 C:\\xampp\\htdocs\\issue-management-20200111T033215Z-001\\issue-management\\vendor\\laravel\\framework\\src\\Illuminate\\Pipeline\\Pipeline.php(171): Fideloper\\Proxy\\TrustProxies->handle(Object(Illuminate\\Http\\Request), Object(Closure))
#50 C:\\xampp\\htdocs\\issue-management-20200111T033215Z-001\\issue-management\\vendor\\laravel\\framework\\src\\Illuminate\\Pipeline\\Pipeline.php(105): Illuminate\\Pipeline\\Pipeline->Illuminate\\Pipeline\\{closure}(Object(Illuminate\\Http\\Request))
#51 C:\\xampp\\htdocs\\issue-management-20200111T033215Z-001\\issue-management\\vendor\\laravel\\framework\\src\\Illuminate\\Foundation\\Http\\Kernel.php(151): Illuminate\\Pipeline\\Pipeline->then(Object(Closure))
#52 C:\\xampp\\htdocs\\issue-management-20200111T033215Z-001\\issue-management\\vendor\\laravel\\framework\\src\\Illuminate\\Foundation\\Http\\Kernel.php(116): Illuminate\\Foundation\\Http\\Kernel->sendRequestThroughRouter(Object(Illuminate\\Http\\Request))
#53 C:\\xampp\\htdocs\\issue-management-20200111T033215Z-001\\issue-management\\public\\index.php(55): Illuminate\\Foundation\\Http\\Kernel->handle(Object(Illuminate\\Http\\Request))
#54 C:\\xampp\\htdocs\\issue-management-20200111T033215Z-001\\issue-management\\server.php(21): require_once('C:\\\\xampp\\\\htdocs...')
#55 {main}
"} 
[2020-01-11 16:51:03] local.ERROR: Cannot apply $addToSet to non-array field. Field named 'task_ids' has non-array type object {"userId":"5e1943f973590000dd000bf2","exception":"[object] (MongoDB\\Driver\\Exception\\BulkWriteException(code: 2): Cannot apply $addToSet to non-array field. Field named 'task_ids' has non-array type object at C:\\xampp\\htdocs\\issue-management-20200111T033215Z-001\\issue-management\\vendor\\mongodb\\mongodb\\src\\Operation\\Update.php:206)
[stacktrace]
#0 C:\\xampp\\htdocs\\issue-management-20200111T033215Z-001\\issue-management\\vendor\\mongodb\\mongodb\\src\\Operation\\Update.php(206): MongoDB\\Driver\\Server->executeBulkWrite('riskandissue.us...', Object(MongoDB\\Driver\\BulkWrite), Array)
#1 C:\\xampp\\htdocs\\issue-management-20200111T033215Z-001\\issue-management\\vendor\\mongodb\\mongodb\\src\\Operation\\UpdateMany.php(110): MongoDB\\Operation\\Update->execute(Object(MongoDB\\Driver\\Server))
#2 C:\\xampp\\htdocs\\issue-management-20200111T033215Z-001\\issue-management\\vendor\\mongodb\\mongodb\\src\\Collection.php(1046): MongoDB\\Operation\\UpdateMany->execute(Object(MongoDB\\Driver\\Server))
#3 [internal function]: MongoDB\\Collection->updateMany(Array, Array, Array)
#4 C:\\xampp\\htdocs\\issue-management-20200111T033215Z-001\\issue-management\\vendor\\jenssegers\\mongodb\\src\\Jenssegers\\Mongodb\\Collection.php(42): call_user_func_array(Array, Array)
#5 C:\\xampp\\htdocs\\issue-management-20200111T033215Z-001\\issue-management\\vendor\\jenssegers\\mongodb\\src\\Jenssegers\\Mongodb\\Query\\Builder.php(820): Jenssegers\\Mongodb\\Collection->__call('UpdateMany', Array)
#6 C:\\xampp\\htdocs\\issue-management-20200111T033215Z-001\\issue-management\\vendor\\jenssegers\\mongodb\\src\\Jenssegers\\Mongodb\\Query\\Builder.php(750): Jenssegers\\Mongodb\\Query\\Builder->performUpdate(Array)
#7 C:\\xampp\\htdocs\\issue-management-20200111T033215Z-001\\issue-management\\vendor\\laravel\\framework\\src\\Illuminate\\Database\\Eloquent\\Builder.php(1350): Jenssegers\\Mongodb\\Query\\Builder->push('task_ids', Array, true)
#8 C:\\xampp\\htdocs\\issue-management-20200111T033215Z-001\\issue-management\\vendor\\jenssegers\\mongodb\\src\\Jenssegers\\Mongodb\\Eloquent\\Model.php(302): Illuminate\\Database\\Eloquent\\Builder->__call('push', Array)
#9 C:\\xampp\\htdocs\\issue-management-20200111T033215Z-001\\issue-management\\vendor\\jenssegers\\mongodb\\src\\Jenssegers\\Mongodb\\Relations\\BelongsToMany.php(203): Jenssegers\\Mongodb\\Eloquent\\Model->push('task_ids', Array, true)
#10 C:\\xampp\\htdocs\\issue-management-20200111T033215Z-001\\issue-management\\vendor\\jenssegers\\mongodb\\src\\Jenssegers\\Mongodb\\Relations\\BelongsToMany.php(87): Jenssegers\\Mongodb\\Relations\\BelongsToMany->attach('5e1996597075000...', Array, true)
#11 C:\\xampp\\htdocs\\issue-management-20200111T033215Z-001\\issue-management\\app\\Http\\Controllers\\ProjectController.php(180): Jenssegers\\Mongodb\\Relations\\BelongsToMany->save(Object(App\\Task))
#12 [internal function]: App\\Http\\Controllers\\ProjectController->taskUpdate('5e1948dc290c000...', '5e1996597075000...', Object(Illuminate\\Http\\Request))
#13 C:\\xampp\\htdocs\\issue-management-20200111T033215Z-001\\issue-management\\vendor\\laravel\\framework\\src\\Illuminate\\Routing\\Controller.php(54): call_user_func_array(Array, Array)
#14 C:\\xampp\\htdocs\\issue-management-20200111T033215Z-001\\issue-management\\vendor\\laravel\\framework\\src\\Illuminate\\Routing\\ControllerDispatcher.php(45): Illuminate\\Routing\\Controller->callAction('taskUpdate', Array)
#15 C:\\xampp\\htdocs\\issue-management-20200111T033215Z-001\\issue-management\\vendor\\laravel\\framework\\src\\Illuminate\\Routing\\Route.php(219): Illuminate\\Routing\\ControllerDispatcher->dispatch(Object(Illuminate\\Routing\\Route), Object(App\\Http\\Controllers\\ProjectController), 'taskUpdate')
#16 C:\\xampp\\htdocs\\issue-management-20200111T033215Z-001\\issue-management\\vendor\\laravel\\framework\\src\\Illuminate\\Routing\\Route.php(176): Illuminate\\Routing\\Route->runController()
#17 C:\\xampp\\htdocs\\issue-management-20200111T033215Z-001\\issue-management\\vendor\\laravel\\framework\\src\\Illuminate\\Routing\\Router.php(680): Illuminate\\Routing\\Route->run()
#18 C:\\xampp\\htdocs\\issue-management-20200111T033215Z-001\\issue-management\\vendor\\laravel\\framework\\src\\Illuminate\\Pipeline\\Pipeline.php(130): Illuminate\\Routing\\Router->Illuminate\\Routing\\{closure}(Object(Illuminate\\Http\\Request))
#19 C:\\xampp\\htdocs\\issue-management-20200111T033215Z-001\\issue-management\\vendor\\laravel\\framework\\src\\Illuminate\\Routing\\Middleware\\SubstituteBindings.php(41): Illuminate\\Pipeline\\Pipeline->Illuminate\\Pipeline\\{closure}(Object(Illuminate\\Http\\Request))
#20 C:\\xampp\\htdocs\\issue-management-20200111T033215Z-001\\issue-management\\vendor\\laravel\\framework\\src\\Illuminate\\Pipeline\\Pipeline.php(171): Illuminate\\Routing\\Middleware\\SubstituteBindings->handle(Object(Illuminate\\Http\\Request), Object(Closure))
#21 C:\\xampp\\htdocs\\issue-management-20200111T033215Z-001\\issue-management\\vendor\\laravel\\framework\\src\\Illuminate\\Auth\\Middleware\\Authenticate.php(43): Illuminate\\Pipeline\\Pipeline->Illuminate\\Pipeline\\{closure}(Object(Illuminate\\Http\\Request))
#22 C:\\xampp\\htdocs\\issue-management-20200111T033215Z-001\\issue-management\\vendor\\laravel\\framework\\src\\Illuminate\\Pipeline\\Pipeline.php(171): Illuminate\\Auth\\Middleware\\Authenticate->handle(Object(Illuminate\\Http\\Request), Object(Closure))
#23 C:\\xampp\\htdocs\\issue-management-20200111T033215Z-001\\issue-management\\vendor\\laravel\\framework\\src\\Illuminate\\Foundation\\Http\\Middleware\\VerifyCsrfToken.php(76): Illuminate\\Pipeline\\Pipeline->Illuminate\\Pipeline\\{closure}(Object(Illuminate\\Http\\Request))
#24 C:\\xampp\\htdocs\\issue-management-20200111T033215Z-001\\issue-management\\vendor\\laravel\\framework\\src\\Illuminate\\Pipeline\\Pipeline.php(171): Illuminate\\Foundation\\Http\\Middleware\\VerifyCsrfToken->handle(Object(Illuminate\\Http\\Request), Object(Closure))
#25 C:\\xampp\\htdocs\\issue-management-20200111T033215Z-001\\issue-management\\vendor\\laravel\\framework\\src\\Illuminate\\View\\Middleware\\ShareErrorsFromSession.php(49): Illuminate\\Pipeline\\Pipeline->Illuminate\\Pipeline\\{closure}(Object(Illuminate\\Http\\Request))
#26 C:\\xampp\\htdocs\\issue-management-20200111T033215Z-001\\issue-management\\vendor\\laravel\\framework\\src\\Illuminate\\Pipeline\\Pipeline.php(171): Illuminate\\View\\Middleware\\ShareErrorsFromSession->handle(Object(Illuminate\\Http\\Request), Object(Closure))
#27 C:\\xampp\\htdocs\\issue-management-20200111T033215Z-001\\issue-management\\vendor\\laravel\\framework\\src\\Illuminate\\Session\\Middleware\\StartSession.php(56): Illuminate\\Pipeline\\Pipeline->Illuminate\\Pipeline\\{closure}(Object(Illuminate\\Http\\Request))
#28 C:\\xampp\\htdocs\\issue-management-20200111T033215Z-001\\issue-management\\vendor\\laravel\\framework\\src\\Illuminate\\Pipeline\\Pipeline.php(171): Illuminate\\Session\\Middleware\\StartSession->handle(Object(Illuminate\\Http\\Request), Object(Closure))
#29 C:\\xampp\\htdocs\\issue-management-20200111T033215Z-001\\issue-management\\vendor\\laravel\\framework\\src\\Illuminate\\Cookie\\Middleware\\AddQueuedCookiesToResponse.php(37): Illuminate\\Pipeline\\Pipeline->Illuminate\\Pipeline\\{closure}(Object(Illuminate\\Http\\Request))
#30 C:\\xampp\\htdocs\\issue-management-20200111T033215Z-001\\issue-management\\vendor\\laravel\\framework\\src\\Illuminate\\Pipeline\\Pipeline.php(171): Illuminate\\Cookie\\Middleware\\AddQueuedCookiesToResponse->handle(Object(Illuminate\\Http\\Request), Object(Closure))
#31 C:\\xampp\\htdocs\\issue-management-20200111T033215Z-001\\issue-management\\vendor\\laravel\\framework\\src\\Illuminate\\Cookie\\Middleware\\EncryptCookies.php(66): Illuminate\\Pipeline\\Pipeline->Illuminate\\Pipeline\\{closure}(Object(Illuminate\\Http\\Request))
#32 C:\\xampp\\htdocs\\issue-management-20200111T033215Z-001\\issue-management\\vendor\\laravel\\framework\\src\\Illuminate\\Pipeline\\Pipeline.php(171): Illuminate\\Cookie\\Middleware\\EncryptCookies->handle(Object(Illuminate\\Http\\Request), Object(Closure))
#33 C:\\xampp\\htdocs\\issue-management-20200111T033215Z-001\\issue-management\\vendor\\laravel\\framework\\src\\Illuminate\\Pipeline\\Pipeline.php(105): Illuminate\\Pipeline\\Pipeline->Illuminate\\Pipeline\\{closure}(Object(Illuminate\\Http\\Request))
#34 C:\\xampp\\htdocs\\issue-management-20200111T033215Z-001\\issue-management\\vendor\\laravel\\framework\\src\\Illuminate\\Routing\\Router.php(682): Illuminate\\Pipeline\\Pipeline->then(Object(Closure))
#35 C:\\xampp\\htdocs\\issue-management-20200111T033215Z-001\\issue-management\\vendor\\laravel\\framework\\src\\Illuminate\\Routing\\Router.php(657): Illuminate\\Routing\\Router->runRouteWithinStack(Object(Illuminate\\Routing\\Route), Object(Illuminate\\Http\\Request))
#36 C:\\xampp\\htdocs\\issue-management-20200111T033215Z-001\\issue-management\\vendor\\laravel\\framework\\src\\Illuminate\\Routing\\Router.php(623): Illuminate\\Routing\\Router->runRoute(Object(Illuminate\\Http\\Request), Object(Illuminate\\Routing\\Route))
#37 C:\\xampp\\htdocs\\issue-management-20200111T033215Z-001\\issue-management\\vendor\\laravel\\framework\\src\\Illuminate\\Routing\\Router.php(612): Illuminate\\Routing\\Router->dispatchToRoute(Object(Illuminate\\Http\\Request))
#38 C:\\xampp\\htdocs\\issue-management-20200111T033215Z-001\\issue-management\\vendor\\laravel\\framework\\src\\Illuminate\\Foundation\\Http\\Kernel.php(176): Illuminate\\Routing\\Router->dispatch(Object(Illuminate\\Http\\Request))
#39 C:\\xampp\\htdocs\\issue-management-20200111T033215Z-001\\issue-management\\vendor\\laravel\\framework\\src\\Illuminate\\Pipeline\\Pipeline.php(130): Illuminate\\Foundation\\Http\\Kernel->Illuminate\\Foundation\\Http\\{closure}(Object(Illuminate\\Http\\Request))
#40 C:\\xampp\\htdocs\\issue-management-20200111T033215Z-001\\issue-management\\vendor\\laravel\\framework\\src\\Illuminate\\Foundation\\Http\\Middleware\\TransformsRequest.php(21): Illuminate\\Pipeline\\Pipeline->Illuminate\\Pipeline\\{closure}(Object(Illuminate\\Http\\Request))
#41 C:\\xampp\\htdocs\\issue-management-20200111T033215Z-001\\issue-management\\vendor\\laravel\\framework\\src\\Illuminate\\Pipeline\\Pipeline.php(171): Illuminate\\Foundation\\Http\\Middleware\\TransformsRequest->handle(Object(Illuminate\\Http\\Request), Object(Closure))
#42 C:\\xampp\\htdocs\\issue-management-20200111T033215Z-001\\issue-management\\vendor\\laravel\\framework\\src\\Illuminate\\Foundation\\Http\\Middleware\\TransformsRequest.php(21): Illuminate\\Pipeline\\Pipeline->Illuminate\\Pipeline\\{closure}(Object(Illuminate\\Http\\Request))
#43 C:\\xampp\\htdocs\\issue-management-20200111T033215Z-001\\issue-management\\vendor\\laravel\\framework\\src\\Illuminate\\Pipeline\\Pipeline.php(171): Illuminate\\Foundation\\Http\\Middleware\\TransformsRequest->handle(Object(Illuminate\\Http\\Request), Object(Closure))
#44 C:\\xampp\\htdocs\\issue-management-20200111T033215Z-001\\issue-management\\vendor\\laravel\\framework\\src\\Illuminate\\Foundation\\Http\\Middleware\\ValidatePostSize.php(27): Illuminate\\Pipeline\\Pipeline->Illuminate\\Pipeline\\{closure}(Object(Illuminate\\Http\\Request))
#45 C:\\xampp\\htdocs\\issue-management-20200111T033215Z-001\\issue-management\\vendor\\laravel\\framework\\src\\Illuminate\\Pipeline\\Pipeline.php(171): Illuminate\\Foundation\\Http\\Middleware\\ValidatePostSize->handle(Object(Illuminate\\Http\\Request), Object(Closure))
#46 C:\\xampp\\htdocs\\issue-management-20200111T033215Z-001\\issue-management\\vendor\\laravel\\framework\\src\\Illuminate\\Foundation\\Http\\Middleware\\CheckForMaintenanceMode.php(62): Illuminate\\Pipeline\\Pipeline->Illuminate\\Pipeline\\{closure}(Object(Illuminate\\Http\\Request))
#47 C:\\xampp\\htdocs\\issue-management-20200111T033215Z-001\\issue-management\\vendor\\laravel\\framework\\src\\Illuminate\\Pipeline\\Pipeline.php(171): Illuminate\\Foundation\\Http\\Middleware\\CheckForMaintenanceMode->handle(Object(Illuminate\\Http\\Request), Object(Closure))
#48 C:\\xampp\\htdocs\\issue-management-20200111T033215Z-001\\issue-management\\vendor\\fideloper\\proxy\\src\\TrustProxies.php(57): Illuminate\\Pipeline\\Pipeline->Illuminate\\Pipeline\\{closure}(Object(Illuminate\\Http\\Request))
#49 C:\\xampp\\htdocs\\issue-management-20200111T033215Z-001\\issue-management\\vendor\\laravel\\framework\\src\\Illuminate\\Pipeline\\Pipeline.php(171): Fideloper\\Proxy\\TrustProxies->handle(Object(Illuminate\\Http\\Request), Object(Closure))
#50 C:\\xampp\\htdocs\\issue-management-20200111T033215Z-001\\issue-management\\vendor\\laravel\\framework\\src\\Illuminate\\Pipeline\\Pipeline.php(105): Illuminate\\Pipeline\\Pipeline->Illuminate\\Pipeline\\{closure}(Object(Illuminate\\Http\\Request))
#51 C:\\xampp\\htdocs\\issue-management-20200111T033215Z-001\\issue-management\\vendor\\laravel\\framework\\src\\Illuminate\\Foundation\\Http\\Kernel.php(151): Illuminate\\Pipeline\\Pipeline->then(Object(Closure))
#52 C:\\xampp\\htdocs\\issue-management-20200111T033215Z-001\\issue-management\\vendor\\laravel\\framework\\src\\Illuminate\\Foundation\\Http\\Kernel.php(116): Illuminate\\Foundation\\Http\\Kernel->sendRequestThroughRouter(Object(Illuminate\\Http\\Request))
#53 C:\\xampp\\htdocs\\issue-management-20200111T033215Z-001\\issue-management\\public\\index.php(55): Illuminate\\Foundation\\Http\\Kernel->handle(Object(Illuminate\\Http\\Request))
#54 C:\\xampp\\htdocs\\issue-management-20200111T033215Z-001\\issue-management\\server.php(21): require_once('C:\\\\xampp\\\\htdocs...')
#55 {main}
"} 
